0 info it worked if it ends with ok
1 verbose cli [ '/usr/bin/nodejs',
1 verbose cli   '/usr/bin/npm',
1 verbose cli   'install',
1 verbose cli   '--save',
1 verbose cli   'request',
1 verbose cli   'request-promise',
1 verbose cli   'cheerio~' ]
2 info using npm@3.5.2
3 info using node@v4.2.6
4 silly loadCurrentTree Starting
5 silly install loadCurrentTree
6 silly install readLocalPackageData
7 silly fetchPackageMetaData request
8 silly fetchPackageMetaData request-promise
9 silly fetchPackageMetaData cheerio~
10 silly fetchNamedPackageData request
11 silly mapToRegistry name request
12 silly mapToRegistry using default registry
13 silly mapToRegistry registry https://registry.npmjs.org/
14 silly mapToRegistry uri https://registry.npmjs.org/request
15 silly fetchNamedPackageData request-promise
16 silly mapToRegistry name request-promise
17 silly mapToRegistry using default registry
18 silly mapToRegistry registry https://registry.npmjs.org/
19 silly mapToRegistry uri https://registry.npmjs.org/request-promise
20 silly fetchOtherPackageData cheerio~
21 silly cache add args [ 'cheerio~', null ]
22 verbose cache add spec cheerio~
23 silly cache add parsed spec Result {
23 silly cache add   raw: 'cheerio~',
23 silly cache add   scope: null,
23 silly cache add   name: null,
23 silly cache add   rawSpec: 'cheerio~',
23 silly cache add   spec: '/home/elcot/PROGS/node/ignou_scrap/cheerio~',
23 silly cache add   type: 'local' }
24 error addLocal Could not install /home/elcot/PROGS/node/ignou_scrap/cheerio~
25 silly fetchPackageMetaData Error: ENOENT: no such file or directory, open '/home/elcot/PROGS/node/ignou_scrap/cheerio~'
25 silly fetchPackageMetaData     at Error (native)
25 silly fetchPackageMetaData  error for cheerio~ { [Error: ENOENT: no such file or directory, open '/home/elcot/PROGS/node/ignou_scrap/cheerio~']
25 silly fetchPackageMetaData   errno: -2,
25 silly fetchPackageMetaData   code: 'ENOENT',
25 silly fetchPackageMetaData   syscall: 'open',
25 silly fetchPackageMetaData   path: '/home/elcot/PROGS/node/ignou_scrap/cheerio~' }
26 verbose request uri https://registry.npmjs.org/request
27 verbose request no auth needed
28 info attempt registry request try #1 at 12:57:58 PM
29 verbose request id 65f6d0daba6fcffd
30 verbose etag "5accdabc-3b715"
31 verbose lastModified Tue, 10 Apr 2018 15:39:40 GMT
32 http request GET https://registry.npmjs.org/request
33 verbose request uri https://registry.npmjs.org/request-promise
34 verbose request no auth needed
35 info attempt registry request try #1 at 12:57:59 PM
36 verbose etag "5aa840c6-16f7c"
37 verbose lastModified Tue, 13 Mar 2018 21:21:10 GMT
38 http request GET https://registry.npmjs.org/request-promise
39 http 304 https://registry.npmjs.org/request
40 verbose headers { date: 'Tue, 15 May 2018 07:27:59 GMT',
40 verbose headers   via: '1.1 varnish',
40 verbose headers   'cache-control': 'max-age=300',
40 verbose headers   etag: '"5accdabc-3b715"',
40 verbose headers   age: '3844',
40 verbose headers   connection: 'keep-alive',
40 verbose headers   'x-served-by': 'cache-sin18025-SIN',
40 verbose headers   'x-cache': 'HIT',
40 verbose headers   'x-cache-hits': '167',
40 verbose headers   'x-timer': 'S1526369280.701608,VS0,VE0',
40 verbose headers   vary: 'Accept-Encoding, Accept' }
41 silly get cb [ 304,
41 silly get   { date: 'Tue, 15 May 2018 07:27:59 GMT',
41 silly get     via: '1.1 varnish',
41 silly get     'cache-control': 'max-age=300',
41 silly get     etag: '"5accdabc-3b715"',
41 silly get     age: '3844',
41 silly get     connection: 'keep-alive',
41 silly get     'x-served-by': 'cache-sin18025-SIN',
41 silly get     'x-cache': 'HIT',
41 silly get     'x-cache-hits': '167',
41 silly get     'x-timer': 'S1526369280.701608,VS0,VE0',
41 silly get     vary: 'Accept-Encoding, Accept' } ]
42 verbose etag https://registry.npmjs.org/request from cache
43 verbose get saving request to /home/elcot/.npm/registry.npmjs.org/request/.cache.json
44 http 304 https://registry.npmjs.org/request-promise
45 verbose headers { date: 'Tue, 15 May 2018 07:27:59 GMT',
45 verbose headers   via: '1.1 varnish',
45 verbose headers   'cache-control': 'max-age=300',
45 verbose headers   etag: '"5aa840c6-16f7c"',
45 verbose headers   age: '1906',
45 verbose headers   connection: 'keep-alive',
45 verbose headers   'x-served-by': 'cache-sin18025-SIN',
45 verbose headers   'x-cache': 'HIT',
45 verbose headers   'x-cache-hits': '5',
45 verbose headers   'x-timer': 'S1526369280.731891,VS0,VE0',
45 verbose headers   vary: 'Accept-Encoding, Accept' }
46 silly get cb [ 304,
46 silly get   { date: 'Tue, 15 May 2018 07:27:59 GMT',
46 silly get     via: '1.1 varnish',
46 silly get     'cache-control': 'max-age=300',
46 silly get     etag: '"5aa840c6-16f7c"',
46 silly get     age: '1906',
46 silly get     connection: 'keep-alive',
46 silly get     'x-served-by': 'cache-sin18025-SIN',
46 silly get     'x-cache': 'HIT',
46 silly get     'x-cache-hits': '5',
46 silly get     'x-timer': 'S1526369280.731891,VS0,VE0',
46 silly get     vary: 'Accept-Encoding, Accept' } ]
47 verbose etag https://registry.npmjs.org/request-promise from cache
48 verbose get saving request-promise to /home/elcot/.npm/registry.npmjs.org/request-promise/.cache.json
49 silly rollbackFailedOptional Starting
50 silly rollbackFailedOptional Finishing
51 silly runTopLevelLifecycles Starting
52 silly runTopLevelLifecycles Finishing
53 silly install printInstalled
54 verbose stack Error: ENOENT: no such file or directory, open '/home/elcot/PROGS/node/ignou_scrap/cheerio~'
54 verbose stack     at Error (native)
55 verbose cwd /home/elcot/PROGS/node/ignou_scrap
56 error Linux 4.13.0-41-generic
57 error argv "/usr/bin/nodejs" "/usr/bin/npm" "install" "--save" "request" "request-promise" "cheerio~"
58 error node v4.2.6
59 error npm  v3.5.2
60 error path /home/elcot/PROGS/node/ignou_scrap/cheerio~
61 error code ENOENT
62 error errno -2
63 error syscall open
64 error enoent ENOENT: no such file or directory, open '/home/elcot/PROGS/node/ignou_scrap/cheerio~'
65 error enoent ENOENT: no such file or directory, open '/home/elcot/PROGS/node/ignou_scrap/cheerio~'
65 error enoent This is most likely not a problem with npm itself
65 error enoent and is related to npm not being able to find a file.
66 verbose exit [ -2, true ]
